  [1m[35m (1.1ms)[0m  [1m[34mSELECT sqlite_version(*)[0m
  [1m[35m (2.3ms)[0m  [1m[35mCREATE TABLE "schema_migrations" ("version" varchar NOT NULL PRIMARY KEY)[0m
  [1m[35m (0.8ms)[0m  [1m[35mCREATE TABLE "ar_internal_metadata" ("key" varchar NOT NULL PRIMARY KEY, "value" varchar, "created_at" datetime(6) NOT NULL, "updated_at" datetime(6) NOT NULL)[0m
  [1m[35m (0.1ms)[0m  [1m[34mSELECT "schema_migrations"."version" FROM "schema_migrations" ORDER BY "schema_migrations"."version" ASC[0m
Migrating to CreateUsers (20211213194500)
  [1m[36mTRANSACTION (0.0ms)[0m  [1m[36mbegin transaction[0m
  [1m[35m (0.4ms)[0m  [1m[35mCREATE TABLE "users" ("id" integer PRIMARY KEY AUTOINCREMENT NOT NULL, "username" varchar, "email" varchar, "created_at" datetime(6) NOT NULL, "updated_at" datetime(6) NOT NULL)[0m
  [1m[36mActiveRecord::SchemaMigration Create (0.2ms)[0m  [1m[32mINSERT INTO "schema_migrations" ("version") VALUES (?)[0m  [["version", "20211213194500"]]
  [1m[36mTRANSACTION (0.6ms)[0m  [1m[36mcommit transaction[0m
Migrating to CreateItems (20211213194725)
  [1m[36mTRANSACTION (0.1ms)[0m  [1m[36mbegin transaction[0m
  [1m[35m (0.4ms)[0m  [1m[35mCREATE TABLE "items" ("id" integer PRIMARY KEY AUTOINCREMENT NOT NULL, "name" varchar, "desc" text, "price" float, "sold" boolean DEFAULT 0, "seller_id" integer, "buyer_id" integer, "created_at" datetime(6) NOT NULL, "updated_at" datetime(6) NOT NULL)[0m
  [1m[35m (0.1ms)[0m  [1m[35mCREATE INDEX "index_items_on_seller_id" ON "items" ("seller_id")[0m
  [1m[35m (0.1ms)[0m  [1m[35mCREATE INDEX "index_items_on_buyer_id" ON "items" ("buyer_id")[0m
  [1m[36mActiveRecord::SchemaMigration Create (0.2ms)[0m  [1m[32mINSERT INTO "schema_migrations" ("version") VALUES (?)[0m  [["version", "20211213194725"]]
  [1m[36mTRANSACTION (0.5ms)[0m  [1m[36mcommit transaction[0m
Migrating to CreateCategories (20211213194957)
  [1m[36mTRANSACTION (0.0ms)[0m  [1m[36mbegin transaction[0m
  [1m[35m (0.5ms)[0m  [1m[35mCREATE TABLE "categories" ("id" integer PRIMARY KEY AUTOINCREMENT NOT NULL, "name" varchar, "created_at" datetime(6) NOT NULL, "updated_at" datetime(6) NOT NULL)[0m
  [1m[36mActiveRecord::SchemaMigration Create (0.2ms)[0m  [1m[32mINSERT INTO "schema_migrations" ("version") VALUES (?)[0m  [["version", "20211213194957"]]
  [1m[36mTRANSACTION (0.7ms)[0m  [1m[36mcommit transaction[0m
Migrating to CreateCategoryItems (20211213195057)
  [1m[36mTRANSACTION (0.1ms)[0m  [1m[36mbegin transaction[0m
  [1m[35m (0.7ms)[0m  [1m[35mCREATE TABLE "category_items" ("id" integer PRIMARY KEY AUTOINCREMENT NOT NULL, "category_id" integer NOT NULL, "item_id" integer NOT NULL, "created_at" datetime(6) NOT NULL, "updated_at" datetime(6) NOT NULL, CONSTRAINT "fk_rails_7a30442eed"
FOREIGN KEY ("category_id")
  REFERENCES "categories" ("id")
, CONSTRAINT "fk_rails_4bf77fe76a"
FOREIGN KEY ("item_id")
  REFERENCES "items" ("id")
)[0m
  [1m[35m (0.1ms)[0m  [1m[35mCREATE INDEX "index_category_items_on_category_id" ON "category_items" ("category_id")[0m
  [1m[35m (0.2ms)[0m  [1m[35mCREATE INDEX "index_category_items_on_item_id" ON "category_items" ("item_id")[0m
  [1m[36mActiveRecord::SchemaMigration Create (0.2ms)[0m  [1m[32mINSERT INTO "schema_migrations" ("version") VALUES (?)[0m  [["version", "20211213195057"]]
  [1m[36mTRANSACTION (1.5ms)[0m  [1m[36mcommit transaction[0m
  [1m[36mActiveRecord::InternalMetadata Load (0.1ms)[0m  [1m[34mSELECT "ar_internal_metadata".* FROM "ar_internal_metadata" WHERE "ar_internal_metadata"."key" = ? LIMIT ?[0m  [["key", "environment"], ["LIMIT", 1]]
  [1m[36mTRANSACTION (0.1ms)[0m  [1m[36mbegin transaction[0m
  [1m[36mActiveRecord::InternalMetadata Create (0.4ms)[0m  [1m[32mINSERT INTO "ar_internal_metadata" ("key", "value", "created_at", "updated_at") VALUES (?, ?, ?, ?)[0m  [["key", "environment"], ["value", "development"], ["created_at", "2021-12-13 19:58:51.229977"], ["updated_at", "2021-12-13 19:58:51.229977"]]
  [1m[36mTRANSACTION (0.6ms)[0m  [1m[36mcommit transaction[0m
  [1m[35m (0.0ms)[0m  [1m[34mSELECT sqlite_version(*)[0m
  [1m[35m (0.1ms)[0m  [1m[34mSELECT "schema_migrations"."version" FROM "schema_migrations" ORDER BY "schema_migrations"."version" ASC[0m
  [1m[35m (1.6ms)[0m  [1m[34mSELECT sqlite_version(*)[0m
  [1m[35m (0.4ms)[0m  [1m[34mSELECT "schema_migrations"."version" FROM "schema_migrations" ORDER BY "schema_migrations"."version" ASC[0m
  [1m[35m (0.0ms)[0m  [1m[34mSELECT sqlite_version(*)[0m
  [1m[36mTRANSACTION (0.0ms)[0m  [1m[36mbegin transaction[0m
  [1m[36mUser Create (1.3ms)[0m  [1m[32mINSERT INTO "users" ("username", "email", "created_at", "updated_at") VALUES (?, ?, ?, ?)[0m  [["username", "aisayo"], ["email", "aisayo@123.com"], ["created_at", "2021-12-13 20:20:29.113012"], ["updated_at", "2021-12-13 20:20:29.113012"]]
  [1m[36mTRANSACTION (1.0ms)[0m  [1m[36mcommit transaction[0m
  [1m[36mTRANSACTION (0.0ms)[0m  [1m[36mbegin transaction[0m
  [1m[36mUser Create (0.3ms)[0m  [1m[32mINSERT INTO "users" ("username", "email", "created_at", "updated_at") VALUES (?, ?, ?, ?)[0m  [["username", "bobiscool"], ["email", "bobiscool@123.com"], ["created_at", "2021-12-13 20:20:29.117564"], ["updated_at", "2021-12-13 20:20:29.117564"]]
  [1m[36mTRANSACTION (0.7ms)[0m  [1m[36mcommit transaction[0m
  [1m[36mTRANSACTION (0.0ms)[0m  [1m[36mbegin transaction[0m
  [1m[36mCategory Create (0.5ms)[0m  [1m[32mINSERT INTO "categories" ("name", "created_at", "updated_at") VALUES (?, ?, ?)[0m  [["name", "fishing"], ["created_at", "2021-12-13 20:20:29.125474"], ["updated_at", "2021-12-13 20:20:29.125474"]]
  [1m[36mTRANSACTION (0.4ms)[0m  [1m[36mcommit transaction[0m
  [1m[36mTRANSACTION (0.0ms)[0m  [1m[36mbegin transaction[0m
  [1m[36mCategory Create (0.2ms)[0m  [1m[32mINSERT INTO "categories" ("name", "created_at", "updated_at") VALUES (?, ?, ?)[0m  [["name", "camping"], ["created_at", "2021-12-13 20:20:29.128444"], ["updated_at", "2021-12-13 20:20:29.128444"]]
  [1m[36mTRANSACTION (0.6ms)[0m  [1m[36mcommit transaction[0m
  [1m[36mTRANSACTION (0.0ms)[0m  [1m[36mbegin transaction[0m
  [1m[36mCategory Create (0.2ms)[0m  [1m[32mINSERT INTO "categories" ("name", "created_at", "updated_at") VALUES (?, ?, ?)[0m  [["name", "womens clothing"], ["created_at", "2021-12-13 20:20:29.130893"], ["updated_at", "2021-12-13 20:20:29.130893"]]
  [1m[36mTRANSACTION (0.9ms)[0m  [1m[36mcommit transaction[0m
  [1m[36mTRANSACTION (0.0ms)[0m  [1m[36mbegin transaction[0m
  [1m[36mCategory Create (0.3ms)[0m  [1m[32mINSERT INTO "categories" ("name", "created_at", "updated_at") VALUES (?, ?, ?)[0m  [["name", "mens clothing"], ["created_at", "2021-12-13 20:20:29.133584"], ["updated_at", "2021-12-13 20:20:29.133584"]]
  [1m[36mTRANSACTION (0.4ms)[0m  [1m[36mcommit transaction[0m
  [1m[36mTRANSACTION (0.0ms)[0m  [1m[36mbegin transaction[0m
  [1m[36mCategory Create (0.2ms)[0m  [1m[32mINSERT INTO "categories" ("name", "created_at", "updated_at") VALUES (?, ?, ?)[0m  [["name", "electronics"], ["created_at", "2021-12-13 20:20:29.135958"], ["updated_at", "2021-12-13 20:20:29.135958"]]
  [1m[36mTRANSACTION (0.4ms)[0m  [1m[36mcommit transaction[0m
  [1m[36mTRANSACTION (0.0ms)[0m  [1m[36mbegin transaction[0m
  [1m[36mCategory Create (0.2ms)[0m  [1m[32mINSERT INTO "categories" ("name", "created_at", "updated_at") VALUES (?, ?, ?)[0m  [["name", "decor"], ["created_at", "2021-12-13 20:20:29.138408"], ["updated_at", "2021-12-13 20:20:29.138408"]]
  [1m[36mTRANSACTION (0.6ms)[0m  [1m[36mcommit transaction[0m
  [1m[36mTRANSACTION (0.0ms)[0m  [1m[36mbegin transaction[0m
  [1m[36mCategory Create (0.2ms)[0m  [1m[32mINSERT INTO "categories" ("name", "created_at", "updated_at") VALUES (?, ?, ?)[0m  [["name", "home"], ["created_at", "2021-12-13 20:20:29.140904"], ["updated_at", "2021-12-13 20:20:29.140904"]]
  [1m[36mTRANSACTION (0.4ms)[0m  [1m[36mcommit transaction[0m
  [1m[36mTRANSACTION (0.0ms)[0m  [1m[36mbegin transaction[0m
  [1m[36mCategory Create (0.2ms)[0m  [1m[32mINSERT INTO "categories" ("name", "created_at", "updated_at") VALUES (?, ?, ?)[0m  [["name", "living room"], ["created_at", "2021-12-13 20:20:29.143088"], ["updated_at", "2021-12-13 20:20:29.143088"]]
  [1m[36mTRANSACTION (0.4ms)[0m  [1m[36mcommit transaction[0m
  [1m[36mTRANSACTION (0.0ms)[0m  [1m[36mbegin transaction[0m
  [1m[36mItem Create (1.1ms)[0m  [1m[32mINSERT INTO "items" ("name", "desc", "price", "seller_id", "created_at", "updated_at") VALUES (?, ?, ?, ?, ?, ?)[0m  [["name", "fishing pole"], ["desc", "really cool fishing pole!"], ["price", 10.0], ["seller_id", 1], ["created_at", "2021-12-13 20:20:29.158481"], ["updated_at", "2021-12-13 20:20:29.158481"]]
  [1m[36mTRANSACTION (0.5ms)[0m  [1m[36mcommit transaction[0m
  [1m[36mTRANSACTION (0.0ms)[0m  [1m[36mbegin transaction[0m
  [1m[36mItem Create (0.3ms)[0m  [1m[32mINSERT INTO "items" ("name", "desc", "price", "seller_id", "created_at", "updated_at") VALUES (?, ?, ?, ?, ?, ?)[0m  [["name", "white t"], ["desc", "get hip with this cool shirt"], ["price", 5.0], ["seller_id", 1], ["created_at", "2021-12-13 20:20:29.162580"], ["updated_at", "2021-12-13 20:20:29.162580"]]
  [1m[36mTRANSACTION (0.4ms)[0m  [1m[36mcommit transaction[0m
  [1m[36mTRANSACTION (0.0ms)[0m  [1m[36mbegin transaction[0m
  [1m[36mItem Create (0.3ms)[0m  [1m[32mINSERT INTO "items" ("name", "desc", "price", "seller_id", "created_at", "updated_at") VALUES (?, ?, ?, ?, ?, ?)[0m  [["name", "gold round mirror"], ["desc", "vintage mirror"], ["price", 30.5], ["seller_id", 2], ["created_at", "2021-12-13 20:20:29.164941"], ["updated_at", "2021-12-13 20:20:29.164941"]]
  [1m[36mTRANSACTION (0.4ms)[0m  [1m[36mcommit transaction[0m
  [1m[36mTRANSACTION (0.0ms)[0m  [1m[36mbegin transaction[0m
  [1m[36mItem Create (0.3ms)[0m  [1m[32mINSERT INTO "items" ("name", "desc", "price", "seller_id", "created_at", "updated_at") VALUES (?, ?, ?, ?, ?, ?)[0m  [["name", "marble table lamp"], ["desc", "really cool marble lamp"], ["price", 27.5], ["seller_id", 2], ["created_at", "2021-12-13 20:20:29.167482"], ["updated_at", "2021-12-13 20:20:29.167482"]]
  [1m[36mTRANSACTION (0.3ms)[0m  [1m[36mcommit transaction[0m
  [1m[36mTRANSACTION (0.0ms)[0m  [1m[36mbegin transaction[0m
  [1m[36mItem Create (0.3ms)[0m  [1m[32mINSERT INTO "items" ("name", "desc", "price", "seller_id", "created_at", "updated_at") VALUES (?, ?, ?, ?, ?, ?)[0m  [["name", "vintage walkman"], ["desc", "go back in time with this music player"], ["price", 5.25], ["seller_id", 2], ["created_at", "2021-12-13 20:20:29.169974"], ["updated_at", "2021-12-13 20:20:29.169974"]]
  [1m[36mTRANSACTION (0.5ms)[0m  [1m[36mcommit transaction[0m
  [1m[36mTRANSACTION (0.0ms)[0m  [1m[36mbegin transaction[0m
  [1m[36mCategoryItem Create (0.9ms)[0m  [1m[32mINSERT INTO "category_items" ("category_id", "item_id", "created_at", "updated_at") VALUES (?, ?, ?, ?)[0m  [["category_id", 1], ["item_id", 1], ["created_at", "2021-12-13 20:20:29.177578"], ["updated_at", "2021-12-13 20:20:29.177578"]]
  [1m[36mTRANSACTION (0.4ms)[0m  [1m[36mcommit transaction[0m
  [1m[36mTRANSACTION (0.0ms)[0m  [1m[36mbegin transaction[0m
  [1m[36mCategoryItem Create (0.3ms)[0m  [1m[32mINSERT INTO "category_items" ("category_id", "item_id", "created_at", "updated_at") VALUES (?, ?, ?, ?)[0m  [["category_id", 2], ["item_id", 1], ["created_at", "2021-12-13 20:20:29.180774"], ["updated_at", "2021-12-13 20:20:29.180774"]]
  [1m[36mTRANSACTION (0.5ms)[0m  [1m[36mcommit transaction[0m
  [1m[36mTRANSACTION (0.0ms)[0m  [1m[36mbegin transaction[0m
  [1m[36mCategoryItem Create (0.4ms)[0m  [1m[32mINSERT INTO "category_items" ("category_id", "item_id", "created_at", "updated_at") VALUES (?, ?, ?, ?)[0m  [["category_id", 3], ["item_id", 2], ["created_at", "2021-12-13 20:20:29.183296"], ["updated_at", "2021-12-13 20:20:29.183296"]]
  [1m[36mTRANSACTION (0.4ms)[0m  [1m[36mcommit transaction[0m
  [1m[36mTRANSACTION (0.0ms)[0m  [1m[36mbegin transaction[0m
  [1m[36mCategoryItem Create (0.3ms)[0m  [1m[32mINSERT INTO "category_items" ("category_id", "item_id", "created_at", "updated_at") VALUES (?, ?, ?, ?)[0m  [["category_id", 4], ["item_id", 2], ["created_at", "2021-12-13 20:20:29.185929"], ["updated_at", "2021-12-13 20:20:29.185929"]]
  [1m[36mTRANSACTION (0.5ms)[0m  [1m[36mcommit transaction[0m
  [1m[36mTRANSACTION (0.0ms)[0m  [1m[36mbegin transaction[0m
  [1m[36mCategoryItem Create (0.5ms)[0m  [1m[32mINSERT INTO "category_items" ("category_id", "item_id", "created_at", "updated_at") VALUES (?, ?, ?, ?)[0m  [["category_id", 6], ["item_id", 3], ["created_at", "2021-12-13 20:20:29.192786"], ["updated_at", "2021-12-13 20:20:29.192786"]]
  [1m[36mTRANSACTION (0.6ms)[0m  [1m[36mcommit transaction[0m
  [1m[36mTRANSACTION (0.0ms)[0m  [1m[36mbegin transaction[0m
  [1m[36mCategoryItem Create (0.3ms)[0m  [1m[32mINSERT INTO "category_items" ("category_id", "item_id", "created_at", "updated_at") VALUES (?, ?, ?, ?)[0m  [["category_id", 7], ["item_id", 3], ["created_at", "2021-12-13 20:20:29.196277"], ["updated_at", "2021-12-13 20:20:29.196277"]]
  [1m[36mTRANSACTION (0.7ms)[0m  [1m[36mcommit transaction[0m
  [1m[36mTRANSACTION (0.1ms)[0m  [1m[36mbegin transaction[0m
  [1m[36mCategoryItem Create (0.3ms)[0m  [1m[32mINSERT INTO "category_items" ("category_id", "item_id", "created_at", "updated_at") VALUES (?, ?, ?, ?)[0m  [["category_id", 8], ["item_id", 3], ["created_at", "2021-12-13 20:20:29.199396"], ["updated_at", "2021-12-13 20:20:29.199396"]]
  [1m[36mTRANSACTION (0.6ms)[0m  [1m[36mcommit transaction[0m
  [1m[36mTRANSACTION (0.0ms)[0m  [1m[36mbegin transaction[0m
  [1m[36mCategoryItem Create (0.3ms)[0m  [1m[32mINSERT INTO "category_items" ("category_id", "item_id", "created_at", "updated_at") VALUES (?, ?, ?, ?)[0m  [["category_id", 6], ["item_id", 4], ["created_at", "2021-12-13 20:20:29.201817"], ["updated_at", "2021-12-13 20:20:29.201817"]]
  [1m[36mTRANSACTION (0.7ms)[0m  [1m[36mcommit transaction[0m
  [1m[36mTRANSACTION (0.0ms)[0m  [1m[36mbegin transaction[0m
  [1m[36mCategoryItem Create (0.3ms)[0m  [1m[32mINSERT INTO "category_items" ("category_id", "item_id", "created_at", "updated_at") VALUES (?, ?, ?, ?)[0m  [["category_id", 8], ["item_id", 4], ["created_at", "2021-12-13 20:20:29.204523"], ["updated_at", "2021-12-13 20:20:29.204523"]]
  [1m[36mTRANSACTION (0.6ms)[0m  [1m[36mcommit transaction[0m
  [1m[36mTRANSACTION (0.0ms)[0m  [1m[36mbegin transaction[0m
  [1m[36mCategoryItem Create (0.3ms)[0m  [1m[32mINSERT INTO "category_items" ("category_id", "item_id", "created_at", "updated_at") VALUES (?, ?, ?, ?)[0m  [["category_id", 7], ["item_id", 4], ["created_at", "2021-12-13 20:20:29.207844"], ["updated_at", "2021-12-13 20:20:29.207844"]]
  [1m[36mTRANSACTION (0.6ms)[0m  [1m[36mcommit transaction[0m
  [1m[36mTRANSACTION (0.0ms)[0m  [1m[36mbegin transaction[0m
  [1m[36mCategoryItem Create (0.3ms)[0m  [1m[32mINSERT INTO "category_items" ("category_id", "item_id", "created_at", "updated_at") VALUES (?, ?, ?, ?)[0m  [["category_id", 5], ["item_id", 5], ["created_at", "2021-12-13 20:20:29.210396"], ["updated_at", "2021-12-13 20:20:29.210396"]]
  [1m[36mTRANSACTION (0.5ms)[0m  [1m[36mcommit transaction[0m
  [1m[35m (0.9ms)[0m  [1m[34mSELECT sqlite_version(*)[0m
  [1m[36mUser Load (0.2ms)[0m  [1m[34mSELECT "users".* FROM "users" /* loading for inspect */ LIMIT ?[0m  [["LIMIT", 11]]
  [1m[36mItem Load (0.2ms)[0m  [1m[34mSELECT "items".* FROM "items" /* loading for inspect */ LIMIT ?[0m  [["LIMIT", 11]]
  [1m[36mCategory Load (0.2ms)[0m  [1m[34mSELECT "categories".* FROM "categories" /* loading for inspect */ LIMIT ?[0m  [["LIMIT", 11]]
  [1m[35m (1.1ms)[0m  [1m[34mSELECT sqlite_version(*)[0m
  [1m[36mUser Load (0.2ms)[0m  [1m[34mSELECT "users".* FROM "users" ORDER BY "users"."id" ASC LIMIT ?[0m  [["LIMIT", 1]]
  [1m[36mUser Load (0.1ms)[0m  [1m[34mSELECT "users".* FROM "users" ORDER BY "users"."id" ASC LIMIT ?[0m  [["LIMIT", 1]]
  [1m[36mItem Load (0.2ms)[0m  [1m[34mSELECT "items".* FROM "items" WHERE "items"."seller_id" = ? /* loading for inspect */ LIMIT ?[0m  [["seller_id", 1], ["LIMIT", 11]]
  [1m[36mUser Load (0.1ms)[0m  [1m[34mSELECT "users".* FROM "users" ORDER BY "users"."id" ASC LIMIT ?[0m  [["LIMIT", 1]]
  [1m[36mItem Load (0.1ms)[0m  [1m[34mSELECT "items".* FROM "items" WHERE "items"."buyer_id" = ? /* loading for inspect */ LIMIT ?[0m  [["buyer_id", 1], ["LIMIT", 11]]
  [1m[36mCategory Load (0.2ms)[0m  [1m[34mSELECT "categories".* FROM "categories" ORDER BY "categories"."id" ASC LIMIT ?[0m  [["LIMIT", 1]]
  [1m[36mCategory Load (0.3ms)[0m  [1m[34mSELECT "categories".* FROM "categories" ORDER BY "categories"."id" ASC LIMIT ?[0m  [["LIMIT", 1]]
  [1m[36mItem Load (0.3ms)[0m  [1m[34mSELECT "items".* FROM "items" INNER JOIN "category_items" ON "items"."id" = "category_items"."item_id" WHERE "category_items"."category_id" = ? /* loading for inspect */ LIMIT ?[0m  [["category_id", 1], ["LIMIT", 11]]
Started GET "/" for ::1 at 2021-12-13 12:35:49 -0800
  [1m[35m (0.9ms)[0m  [1m[34mSELECT sqlite_version(*)[0m
  [1m[35m (0.3ms)[0m  [1m[34mSELECT "schema_migrations"."version" FROM "schema_migrations" ORDER BY "schema_migrations"."version" ASC[0m
Processing by Rails::WelcomeController#index as HTML
  Rendering /Users/aysan/.rvm/gems/ruby-2.7.4/gems/railties-6.1.4.1/lib/rails/templates/rails/welcome/index.html.erb
  Rendered /Users/aysan/.rvm/gems/ruby-2.7.4/gems/railties-6.1.4.1/lib/rails/templates/rails/welcome/index.html.erb (Duration: 9.3ms | Allocations: 343)
Completed 200 OK in 21ms (Views: 15.1ms | ActiveRecord: 0.0ms | Allocations: 1826)


Started GET "/items" for ::1 at 2021-12-13 12:36:02 -0800
Processing by ItemsController#index as HTML
  [1m[36mItem Load (0.3ms)[0m  [1m[34mSELECT "items".* FROM "items"[0m
  ↳ app/controllers/items_controller.rb:9:in `index'
Completed 200 OK in 27ms (Views: 12.6ms | ActiveRecord: 1.1ms | Allocations: 8421)


Started GET "/items/1" for ::1 at 2021-12-13 12:38:19 -0800
  
AbstractController::ActionNotFound (The action 'show' could not be found for ItemsController
Did you mean?  index):
  
actionpack (6.1.4.1) lib/abstract_controller/base.rb:160:in `process'
actionpack (6.1.4.1) lib/action_controller/metal.rb:190:in `dispatch'
actionpack (6.1.4.1) lib/action_controller/metal.rb:254:in `dispatch'
actionpack (6.1.4.1) lib/action_dispatch/routing/route_set.rb:50:in `dispatch'
actionpack (6.1.4.1) lib/action_dispatch/routing/route_set.rb:33:in `serve'
actionpack (6.1.4.1) lib/action_dispatch/journey/router.rb:50:in `block in serve'
actionpack (6.1.4.1) lib/action_dispatch/journey/router.rb:32:in `each'
actionpack (6.1.4.1) lib/action_dispatch/journey/router.rb:32:in `serve'
actionpack (6.1.4.1) lib/action_dispatch/routing/route_set.rb:842:in `call'
rack (2.2.3) lib/rack/etag.rb:27:in `call'
rack (2.2.3) lib/rack/conditional_get.rb:27:in `call'
rack (2.2.3) lib/rack/head.rb:12:in `call'
activerecord (6.1.4.1) lib/active_record/migration.rb:601:in `call'
actionpack (6.1.4.1) lib/action_dispatch/middleware/callbacks.rb:27:in `block in call'
activesupport (6.1.4.1) lib/active_support/callbacks.rb:98:in `run_callbacks'
actionpack (6.1.4.1) lib/action_dispatch/middleware/callbacks.rb:26:in `call'
actionpack (6.1.4.1) lib/action_dispatch/middleware/executor.rb:14:in `call'
actionpack (6.1.4.1) lib/action_dispatch/middleware/actionable_exceptions.rb:18:in `call'
actionpack (6.1.4.1) lib/action_dispatch/middleware/debug_exceptions.rb:29:in `call'
actionpack (6.1.4.1) lib/action_dispatch/middleware/show_exceptions.rb:33:in `call'
railties (6.1.4.1) lib/rails/rack/logger.rb:37:in `call_app'
railties (6.1.4.1) lib/rails/rack/logger.rb:26:in `block in call'
activesupport (6.1.4.1) lib/active_support/tagged_logging.rb:99:in `block in tagged'
activesupport (6.1.4.1) lib/active_support/tagged_logging.rb:37:in `tagged'
activesupport (6.1.4.1) lib/active_support/tagged_logging.rb:99:in `tagged'
railties (6.1.4.1) lib/rails/rack/logger.rb:26:in `call'
actionpack (6.1.4.1) lib/action_dispatch/middleware/remote_ip.rb:81:in `call'
actionpack (6.1.4.1) lib/action_dispatch/middleware/request_id.rb:26:in `call'
rack (2.2.3) lib/rack/runtime.rb:22:in `call'
activesupport (6.1.4.1) lib/active_support/cache/strategy/local_cache_middleware.rb:29:in `call'
actionpack (6.1.4.1) lib/action_dispatch/middleware/executor.rb:14:in `call'
actionpack (6.1.4.1) lib/action_dispatch/middleware/static.rb:24:in `call'
rack (2.2.3) lib/rack/sendfile.rb:110:in `call'
actionpack (6.1.4.1) lib/action_dispatch/middleware/host_authorization.rb:98:in `call'
rack-cors (1.1.1) lib/rack/cors.rb:100:in `call'
railties (6.1.4.1) lib/rails/engine.rb:539:in `call'
puma (5.5.2) lib/puma/configuration.rb:249:in `call'
puma (5.5.2) lib/puma/request.rb:77:in `block in handle_request'
puma (5.5.2) lib/puma/thread_pool.rb:340:in `with_force_shutdown'
puma (5.5.2) lib/puma/request.rb:76:in `handle_request'
puma (5.5.2) lib/puma/server.rb:447:in `process_client'
puma (5.5.2) lib/puma/thread_pool.rb:147:in `block in spawn_thread'
Started GET "/items/1" for ::1 at 2021-12-13 12:39:32 -0800
  [1m[35m (1.0ms)[0m  [1m[34mSELECT sqlite_version(*)[0m
  [1m[35m (0.3ms)[0m  [1m[34mSELECT "schema_migrations"."version" FROM "schema_migrations" ORDER BY "schema_migrations"."version" ASC[0m
Processing by ItemsController#show as HTML
  Parameters: {"id"=>"1"}
  [1m[36mItem Load (0.2ms)[0m  [1m[34mSELECT "items".* FROM "items" WHERE "items"."id" = ? LIMIT ?[0m  [["id", 1], ["LIMIT", 1]]
  ↳ app/controllers/items_controller.rb:13:in `show'
Completed 500 Internal Server Error in 23344ms (ActiveRecord: 1.5ms | Allocations: 70964)


  
SystemExit (exit):
  
(byebug):1:in `exit'
(byebug):1:in `show'
app/controllers/items_controller.rb:15:in `show'
Started GET "/items/10" for ::1 at 2021-12-13 12:40:12 -0800
Processing by ItemsController#show as HTML
  Parameters: {"id"=>"10"}
  [1m[35m (0.9ms)[0m  [1m[34mSELECT sqlite_version(*)[0m
  ↳ app/controllers/items_controller.rb:13:in `show'
  [1m[36mItem Load (1.4ms)[0m  [1m[34mSELECT "items".* FROM "items" WHERE "items"."id" = ? LIMIT ?[0m  [["id", 10], ["LIMIT", 1]]
  ↳ app/controllers/items_controller.rb:13:in `show'
Completed 404 Not Found in 147ms (ActiveRecord: 11.6ms | Allocations: 1042487)


  
ActiveRecord::RecordNotFound (Couldn't find Item with 'id'=10):
  
app/controllers/items_controller.rb:13:in `show'
Started GET "/items/10" for ::1 at 2021-12-13 12:44:52 -0800
  
SyntaxError (/Users/aysan/SENG-LIVE-101121/phase-4/01-rails-fundamentals-and-crud/marketplace/marketplace-api/app/controllers/items_controller.rb:26: syntax error, unexpected end-of-input, expecting `end'):
  
app/controllers/items_controller.rb:26: syntax error, unexpected end-of-input, expecting `end'
app/controllers/items_controller.rb:26: syntax error, unexpected end-of-input, expecting `end'
Started GET "/items/10" for ::1 at 2021-12-13 12:45:01 -0800
Processing by ItemsController#show as HTML
  Parameters: {"id"=>"10"}
  [1m[35m (2.1ms)[0m  [1m[34mSELECT sqlite_version(*)[0m
  ↳ app/controllers/items_controller.rb:13:in `show'
  [1m[36mItem Load (1.8ms)[0m  [1m[34mSELECT "items".* FROM "items" WHERE "items"."id" = ? LIMIT ?[0m  [["id", 10], ["LIMIT", 1]]
  ↳ app/controllers/items_controller.rb:13:in `show'
Completed 404 Not Found in 171ms (Views: 2.7ms | ActiveRecord: 9.6ms | Allocations: 1257394)


Started GET "/items/2" for ::1 at 2021-12-13 12:45:08 -0800
Processing by ItemsController#show as HTML
  Parameters: {"id"=>"2"}
  [1m[36mItem Load (1.1ms)[0m  [1m[34mSELECT "items".* FROM "items" WHERE "items"."id" = ? LIMIT ?[0m  [["id", 2], ["LIMIT", 1]]
  ↳ app/controllers/items_controller.rb:13:in `show'
Completed 200 OK in 183ms (Views: 11.6ms | ActiveRecord: 10.4ms | Allocations: 1374063)


Started GET "/items/2" for ::1 at 2021-12-13 12:45:25 -0800
Processing by ItemsController#show as HTML
  Parameters: {"id"=>"2"}
  [1m[35m (2.6ms)[0m  [1m[34mSELECT sqlite_version(*)[0m
  ↳ app/controllers/items_controller.rb:21:in `show'
  [1m[36mItem Load (2.8ms)[0m  [1m[34mSELECT "items".* FROM "items" WHERE "items"."id" = ? LIMIT ?[0m  [["id", 2], ["LIMIT", 1]]
  ↳ app/controllers/items_controller.rb:21:in `show'
Completed 200 OK in 328ms (Views: 11.7ms | ActiveRecord: 20.8ms | Allocations: 2418369)


Started GET "/items/200" for ::1 at 2021-12-13 12:45:31 -0800
Processing by ItemsController#show as HTML
  Parameters: {"id"=>"200"}
  [1m[36mItem Load (1.1ms)[0m  [1m[34mSELECT "items".* FROM "items" WHERE "items"."id" = ? LIMIT ?[0m  [["id", 200], ["LIMIT", 1]]
  ↳ app/controllers/items_controller.rb:21:in `show'
Completed 404 Not Found in 38ms (Views: 9.2ms | ActiveRecord: 1.1ms | Allocations: 207925)


Started GET "/items/2" for ::1 at 2021-12-13 12:46:16 -0800
Processing by ItemsController#show as HTML
  Parameters: {"id"=>"2"}
  [1m[35m (1.5ms)[0m  [1m[34mSELECT sqlite_version(*)[0m
  ↳ app/controllers/items_controller.rb:21:in `show'
  [1m[36mItem Load (3.0ms)[0m  [1m[34mSELECT "items".* FROM "items" WHERE "items"."id" = ? LIMIT ?[0m  [["id", 2], ["LIMIT", 1]]
  ↳ app/controllers/items_controller.rb:21:in `show'
Completed 200 OK in 345ms (Views: 9.4ms | ActiveRecord: 21.8ms | Allocations: 2397416)


  [1m[35m (1.1ms)[0m  [1m[34mSELECT sqlite_version(*)[0m
  [1m[36mUser Load (0.4ms)[0m  [1m[34mSELECT "users".* FROM "users" ORDER BY "users"."id" ASC LIMIT ?[0m  [["LIMIT", 1]]
  [1m[35m (0.0ms)[0m  [1m[34mSELECT sqlite_version(*)[0m
  [1m[36mUser Load (0.2ms)[0m  [1m[34mSELECT "users".* FROM "users" ORDER BY "users"."id" ASC LIMIT ?[0m  [["LIMIT", 1]]
  [1m[36mTRANSACTION (0.0ms)[0m  [1m[36mbegin transaction[0m
  [1m[36mItem Create (1.6ms)[0m  [1m[32mINSERT INTO "items" ("seller_id", "created_at", "updated_at") VALUES (?, ?, ?)[0m  [["seller_id", 1], ["created_at", "2021-12-13 21:00:42.500614"], ["updated_at", "2021-12-13 21:00:42.500614"]]
  [1m[36mTRANSACTION (0.6ms)[0m  [1m[36mcommit transaction[0m
  [1m[36mUser Load (0.2ms)[0m  [1m[34mSELECT "users".* FROM "users" ORDER BY "users"."id" ASC LIMIT ?[0m  [["LIMIT", 1]]
  [1m[36mTRANSACTION (0.1ms)[0m  [1m[36mbegin transaction[0m
  [1m[36mItem Create (0.5ms)[0m  [1m[32mINSERT INTO "items" ("seller_id", "created_at", "updated_at") VALUES (?, ?, ?)[0m  [["seller_id", 1], ["created_at", "2021-12-13 21:05:17.287516"], ["updated_at", "2021-12-13 21:05:17.287516"]]
  [1m[36mTRANSACTION (0.7ms)[0m  [1m[36mcommit transaction[0m
